TN:
SF:src\scripts\dom-updater.ts
FN:20,(anonymous_0)
FN:33,(anonymous_1)
FN:34,(anonymous_2)
FN:37,(anonymous_3)
FN:38,(anonymous_4)
FN:57,(anonymous_5)
FN:61,(anonymous_6)
FN:67,(anonymous_7)
FN:78,(anonymous_8)
FN:88,(anonymous_9)
FN:100,(anonymous_10)
FN:104,(anonymous_11)
FN:109,(anonymous_12)
FN:115,(anonymous_13)
FN:135,(anonymous_14)
FN:150,(anonymous_15)
FN:158,(anonymous_16)
FNF:17
FNH:3
FNDA:3,(anonymous_0)
FNDA:3,(anonymous_1)
FNDA:0,(anonymous_2)
FNDA:0,(anonymous_3)
FNDA:0,(anonymous_4)
FNDA:0,(anonymous_5)
FNDA:0,(anonymous_6)
FNDA:0,(anonymous_7)
FNDA:0,(anonymous_8)
FNDA:0,(anonymous_9)
FNDA:0,(anonymous_10)
FNDA:0,(anonymous_11)
FNDA:0,(anonymous_12)
FNDA:0,(anonymous_13)
FNDA:3,(anonymous_14)
FNDA:0,(anonymous_15)
FNDA:0,(anonymous_16)
DA:10,1
DA:21,3
DA:22,3
DA:23,3
DA:24,3
DA:26,3
DA:28,3
DA:30,3
DA:33,3
DA:34,3
DA:35,0
DA:37,0
DA:38,0
DA:39,0
DA:40,0
DA:45,0
DA:47,0
DA:48,0
DA:51,0
DA:52,0
DA:57,3
DA:58,0
DA:61,3
DA:62,0
DA:63,0
DA:67,3
DA:68,0
DA:69,0
DA:70,0
DA:71,0
DA:73,0
DA:75,0
DA:77,0
DA:78,0
DA:79,0
DA:81,0
DA:83,0
DA:84,0
DA:86,0
DA:88,0
DA:89,0
DA:92,0
DA:94,0
DA:97,0
DA:100,3
DA:101,0
DA:104,3
DA:109,3
DA:110,0
DA:112,0
DA:115,3
DA:116,0
DA:118,0
DA:120,0
DA:121,0
DA:123,0
DA:124,0
DA:126,0
DA:127,0
DA:129,0
DA:131,0
DA:135,3
DA:136,3
DA:137,3
DA:139,3
DA:140,1
DA:143,3
DA:144,0
DA:147,3
DA:150,3
DA:151,0
DA:152,0
DA:154,0
DA:155,0
DA:158,3
DA:159,0
LF:76
LH:26
BRDA:39,0,0,0
BRDA:47,1,0,0
BRDA:51,2,0,0
BRDA:69,3,0,0
BRDA:69,3,1,0
BRDA:77,4,0,0
BRDA:77,4,1,0
BRDA:83,5,0,0
BRDA:83,5,1,0
BRDA:123,6,0,0
BRDA:136,7,0,3
BRDA:136,7,1,1
BRDA:139,8,0,1
BRDA:143,9,0,0
BRDA:143,10,0,3
BRDA:143,10,1,2
BRDA:151,11,0,0
BRDA:151,11,1,0
BRDA:152,12,0,0
BRDA:152,12,1,0
BRF:20
BRH:5
end_of_record
TN:
SF:src\scripts\game.ts
FN:27,(anonymous_0)
FN:45,(anonymous_1)
FN:54,(anonymous_2)
FN:59,(anonymous_3)
FN:65,(anonymous_4)
FN:74,(anonymous_5)
FN:84,(anonymous_6)
FN:87,(anonymous_7)
FN:95,(anonymous_8)
FN:104,(anonymous_9)
FN:114,(anonymous_10)
FN:115,(anonymous_11)
FN:152,(anonymous_12)
FN:163,(anonymous_13)
FN:175,(anonymous_14)
FN:191,(anonymous_15)
FN:195,(anonymous_16)
FN:219,(anonymous_17)
FNF:18
FNH:5
FNDA:3,(anonymous_0)
FNDA:3,(anonymous_1)
FNDA:0,(anonymous_2)
FNDA:3,(anonymous_3)
FNDA:12,(anonymous_4)
FNDA:3,(anonymous_5)
FNDA:0,(anonymous_6)
FNDA:0,(anonymous_7)
FNDA:0,(anonymous_8)
FNDA:0,(anonymous_9)
FNDA:0,(anonymous_10)
FNDA:0,(anonymous_11)
FNDA:0,(anonymous_12)
FNDA:0,(anonymous_13)
FNDA:0,(anonymous_14)
FNDA:0,(anonymous_15)
FNDA:0,(anonymous_16)
FNDA:0,(anonymous_17)
DA:1,1
DA:2,1
DA:3,1
DA:4,1
DA:17,1
DA:19,3
DA:21,3
DA:22,3
DA:23,3
DA:28,3
DA:29,3
DA:31,3
DA:36,3
DA:39,3
DA:40,3
DA:42,3
DA:45,3
DA:46,3
DA:47,3
DA:48,3
DA:49,3
DA:50,3
DA:51,3
DA:54,3
DA:55,0
DA:56,0
DA:59,3
DA:60,3
DA:61,12
DA:65,3
DA:66,12
DA:68,12
DA:69,12
DA:71,12
DA:74,3
DA:75,3
DA:77,3
DA:84,3
DA:85,0
DA:87,0
DA:88,0
DA:89,0
DA:90,0
DA:95,3
DA:96,0
DA:98,0
DA:99,0
DA:101,0
DA:104,3
DA:105,0
DA:107,0
DA:109,0
DA:110,0
DA:112,0
DA:114,0
DA:115,0
DA:116,0
DA:117,0
DA:119,0
DA:120,0
DA:121,0
DA:123,0
DA:124,0
DA:125,0
DA:127,0
DA:128,0
DA:129,0
DA:131,0
DA:133,0
DA:135,0
DA:138,0
DA:139,0
DA:145,0
DA:146,0
DA:147,0
DA:148,0
DA:152,3
DA:153,0
DA:160,0
DA:163,3
DA:164,0
DA:169,0
DA:170,0
DA:172,0
DA:175,3
DA:176,0
DA:180,0
DA:181,0
DA:182,0
DA:185,0
DA:191,3
DA:192,0
DA:195,3
DA:196,0
DA:198,0
DA:199,0
DA:200,0
DA:202,0
DA:204,0
DA:205,0
DA:206,0
DA:207,0
DA:209,0
DA:210,0
DA:216,0
DA:219,3
DA:220,0
LF:107
LH:44
BRDA:27,0,0,2
BRDA:66,1,0,0
BRDA:66,2,0,12
BRDA:66,2,1,12
BRDA:68,3,0,7
BRDA:68,3,1,5
BRDA:75,4,0,0
BRDA:85,5,0,0
BRDA:88,6,0,0
BRDA:96,7,0,0
BRDA:105,8,0,0
BRDA:105,9,0,0
BRDA:105,9,1,0
BRDA:105,9,2,0
BRDA:119,10,0,0
BRDA:123,11,0,0
BRDA:123,11,1,0
BRDA:123,12,0,0
BRDA:123,12,1,0
BRDA:123,12,2,0
BRDA:133,13,0,0
BRDA:138,14,0,0
BRDA:145,15,0,0
BRDA:147,16,0,0
BRDA:169,17,0,0
BRDA:170,18,0,0
BRDA:176,19,0,0
BRDA:183,20,0,0
BRDA:183,20,1,0
BRDA:192,21,0,0
BRDA:192,21,1,0
BRDA:192,21,2,0
BRDA:196,22,0,0
BRDA:202,23,0,0
BRDA:209,24,0,0
BRDA:209,25,0,0
BRDA:209,25,1,0
BRDA:220,26,0,0
BRDA:220,26,1,0
BRF:39
BRH:5
end_of_record
TN:
SF:src\scripts\gesture-manager.ts
FN:29,(anonymous_0)
FN:37,(anonymous_1)
FN:45,(anonymous_2)
FN:46,(anonymous_3)
FN:66,(anonymous_4)
FN:85,(anonymous_5)
FN:96,(anonymous_6)
FN:100,(anonymous_7)
FN:106,(anonymous_8)
FN:113,(anonymous_9)
FN:116,(anonymous_10)
FNF:11
FNH:6
FNDA:3,(anonymous_0)
FNDA:6,(anonymous_1)
FNDA:3,(anonymous_2)
FNDA:0,(anonymous_3)
FNDA:3,(anonymous_4)
FNDA:0,(anonymous_5)
FNDA:3,(anonymous_6)
FNDA:3,(anonymous_7)
FNDA:0,(anonymous_8)
FNDA:0,(anonymous_9)
FNDA:0,(anonymous_10)
DA:1,1
DA:16,1
DA:23,1
DA:27,3
DA:30,3
DA:31,3
DA:32,3
DA:34,3
DA:37,3
DA:38,6
DA:39,6
DA:42,6
DA:45,3
DA:46,3
DA:47,0
DA:48,0
DA:50,0
DA:51,0
DA:54,0
DA:55,0
DA:57,0
DA:60,0
DA:61,0
DA:66,3
DA:67,3
DA:78,3
DA:85,3
DA:86,0
DA:88,0
DA:90,0
DA:91,0
DA:96,3
DA:97,3
DA:100,3
DA:101,3
DA:102,3
DA:103,3
DA:106,3
DA:107,0
DA:109,0
DA:110,0
DA:113,0
DA:116,3
DA:117,0
LF:44
LH:26
BRDA:38,0,0,6
BRDA:47,1,0,0
BRDA:47,1,1,0
BRDA:47,1,2,0
BRDA:47,1,3,0
BRDA:50,2,0,0
BRDA:54,3,0,0
BRDA:60,4,0,0
BRDA:90,5,0,0
BRDA:109,6,0,0
BRF:10
BRH:1
end_of_record
TN:
SF:src\scripts\grid.ts
FN:7,(anonymous_0)
FN:14,(anonymous_1)
FN:24,(anonymous_2)
FN:32,(anonymous_3)
FN:34,(anonymous_4)
FN:36,(anonymous_5)
FN:39,(anonymous_6)
FN:43,(anonymous_7)
FN:47,(anonymous_8)
FN:51,(anonymous_9)
FN:61,(anonymous_10)
FN:64,(anonymous_11)
FN:73,(anonymous_12)
FNF:13
FNH:8
FNDA:3,(anonymous_0)
FNDA:12,(anonymous_1)
FNDA:24,(anonymous_2)
FNDA:12,(anonymous_3)
FNDA:0,(anonymous_4)
FNDA:0,(anonymous_5)
FNDA:12,(anonymous_6)
FNDA:0,(anonymous_7)
FNDA:0,(anonymous_8)
FNDA:3,(anonymous_9)
FNDA:24,(anonymous_10)
FNDA:528,(anonymous_11)
FNDA:0,(anonymous_12)
DA:3,1
DA:8,3
DA:9,3
DA:11,3
DA:14,3
DA:15,12
DA:17,12
DA:18,0
DA:21,12
DA:24,3
DA:25,24
DA:26,112
DA:27,528
DA:32,12
DA:34,3
DA:36,3
DA:37,0
DA:39,3
DA:40,12
DA:43,3
DA:44,0
DA:47,3
DA:48,0
DA:51,3
DA:52,3
DA:53,13
DA:55,13
DA:56,57
DA:61,3
DA:62,24
DA:64,24
DA:65,528
DA:66,468
DA:70,24
DA:73,3
LF:35
LH:31
BRDA:17,0,0,0
BRDA:37,1,0,0
BRDA:37,1,1,0
BRDA:48,2,0,0
BRDA:48,2,1,0
BRDA:48,2,2,0
BRDA:48,2,3,0
BRDA:65,3,0,468
BRF:8
BRH:1
end_of_record
TN:
SF:src\scripts\tile.ts
FN:13,(anonymous_0)
FN:21,(anonymous_1)
FN:25,(anonymous_2)
FNF:3
FNH:1
FNDA:12,(anonymous_0)
FNDA:0,(anonymous_1)
FNDA:0,(anonymous_2)
DA:6,1
DA:14,12
DA:15,12
DA:16,12
DA:17,12
DA:18,12
DA:21,12
DA:22,0
DA:25,12
DA:26,0
DA:27,0
LF:11
LH:8
BRDA:16,0,0,12
BRDA:16,0,1,0
BRF:2
BRH:1
end_of_record
